<?xml version="1.0" encoding="UTF-8"?>
<!-- Generated by org.testng.reporters.JUnitReportReporter -->
<testsuite hostname="DESKTOP-B8R4OMO" failures="0" tests="4" name="com.qa.testscripts.CleartripBooking" time="141.977" errors="0" timestamp="2022-12-09T15:56:52 IST" skipped="0">
  <testcase classname="com.qa.testscripts.CleartripBooking" name="test_001" time="59.511"/>
  <system-out/>
  <testcase classname="com.qa.testscripts.CleartripBooking" name="test_001" time="26.760"/>
  <system-out/>
  <testcase classname="com.qa.testscripts.CleartripBooking" name="test_001" time="29.051"/>
  <system-out/>
  <testcase classname="com.qa.testscripts.CleartripBooking" name="test_001" time="26.655"/>
  <system-out/>
</testsuite> <!-- com.qa.testscripts.CleartripBooking -->
